<?xml version="1.0" encoding="UTF-8"?>
<!-- Generated by org.testng.reporters.JUnitXMLReporter -->
<testsuite hostname="DESKTOP-QNHJ5Q7" name="Test" tests="3" failures="0" timestamp="7 Dec 2022 09:46:35 GMT" time="39.364" errors="0">
  <testcase name="verifyLoginFeatureWithInValid" time="9.817" classname="dataProvider.DataProvideNComExample"/>
  <testcase name="verifyLoginFeatureWithInValid" time="9.76" classname="dataProvider.DataProvideNComExample"/>
  <testcase name="verifyLoginFeatureWithInValid" time="9.71" classname="dataProvider.DataProvideNComExample"/>
</testsuite> <!-- Test -->
