<?xml version="1.0" encoding="UTF-8"?>
<testng-results ignored="0" total="3" passed="3" failed="0" skipped="0">
  <reporter-output>
  </reporter-output>
  <suite started-at="2022-12-09T03:29:42 PST" name="Suite" finished-at="2022-12-09T03:30:25 PST" duration-ms="42523">
    <groups>
    </groups>
    <test started-at="2022-12-09T03:29:42 PST" name="Test" finished-at="2022-12-09T03:30:25 PST" duration-ms="42523">
      <class name="dataProvider.DataProvideNComExample">
        <test-method is-config="true" signature="launchApp()[pri:0, instance:dataProvider.DataProvideNComExample@74455848]" started-at="2022-12-09T03:29:42 PST" name="launchApp" finished-at="2022-12-09T03:29:50 PST" duration-ms="7468" status="PASS">
          <reporter-output>
          </reporter-output>
        </test-method> <!-- launchApp -->
        <test-method signature="verifyLoginFeatureWithInValid(java.lang.String, java.lang.String)[pri:0, instance:dataProvider.DataProvideNComExample@74455848]" started-at="2022-12-09T03:29:50 PST" name="verifyLoginFeatureWithInValid" data-provider="sampleData" finished-at="2022-12-09T03:30:00 PST" duration-ms="10539" status="PASS">
          <params>
            <param index="0">
              <value>
                <![CDATA[Anusha@gmail.com]]>
              </value>
            </param>
            <param index="1">
              <value>
                <![CDATA[Demo@123]]>
              </value>
            </param>
          </params>
          <reporter-output>
          </reporter-output>
        </test-method> <!-- verifyLoginFeatureWithInValid -->
        <test-method signature="verifyLoginFeatureWithInValid(java.lang.String, java.lang.String)[pri:0, instance:dataProvider.DataProvideNComExample@74455848]" started-at="2022-12-09T03:30:00 PST" name="verifyLoginFeatureWithInValid" data-provider="sampleData" finished-at="2022-12-09T03:30:10 PST" duration-ms="9703" status="PASS">
          <params>
            <param index="0">
              <value>
                <![CDATA[Pratyusha@google.com]]>
              </value>
            </param>
            <param index="1">
              <value>
                <![CDATA[password@123]]>
              </value>
            </param>
          </params>
          <reporter-output>
          </reporter-output>
        </test-method> <!-- verifyLoginFeatureWithInValid -->
        <test-method signature="verifyLoginFeatureWithInValid(java.lang.String, java.lang.String)[pri:0, instance:dataProvider.DataProvideNComExample@74455848]" started-at="2022-12-09T03:30:10 PST" name="verifyLoginFeatureWithInValid" data-provider="sampleData" finished-at="2022-12-09T03:30:20 PST" duration-ms="9685" status="PASS">
          <params>
            <param index="0">
              <value>
                <![CDATA[Surya@yahoo.com]]>
              </value>
            </param>
            <param index="1">
              <value>
                <![CDATA[random@123]]>
              </value>
            </param>
          </params>
          <reporter-output>
          </reporter-output>
        </test-method> <!-- verifyLoginFeatureWithInValid -->
        <test-method is-config="true" signature="closeApp()[pri:0, instance:dataProvider.DataProvideNComExample@74455848]" started-at="2022-12-09T03:30:20 PST" name="closeApp" finished-at="2022-12-09T03:30:25 PST" duration-ms="5088" status="PASS">
          <reporter-output>
          </reporter-output>
        </test-method> <!-- closeApp -->
      </class> <!-- dataProvider.DataProvideNComExample -->
    </test> <!-- Test -->
  </suite> <!-- Suite -->
</testng-results>
