<?xml version="1.0" encoding="UTF-8"?>
<testsuite xmlns:xsi="http://www.w3.org/2001/XMLSchema-instance" xsi:noNamespaceSchemaLocation="https://maven.apache.org/surefire/maven-surefire-plugin/xsd/surefire-test-report-3.0.xsd" version="3.0" name="TestSuite" time="43.405" tests="3" errors="0" skipped="0" failures="0">
  <properties>
[...]
</properties>
  <testcase name="verifyLoginFeatureWithInValid[Anusha@gmail.com, Demo@123](1)" classname="dataProvider.DataProvideNComExample" time="10.512">
    <system-out><![CDATA[ INFO [main] (BaseTest.java:36)- launching application
 INFO [main] (BaseTest.java:48)- Application launched successfully into chrome browser https://admin-demo.nopcommerce.com/login
 INFO [main] (DataProvideNComExample.java:14)- enter email details: Anusha@gmail.com
<html lang="en" dir="ltr" class="html-login-page"><head>
<title>Your store. Login</title>
<meta http-equiv="Content-type" content="text/html;charset=UTF-8">
<meta name="description" content="">
<meta name="keywords" content="">
<meta name="generator" content="nopCommerce">
<meta name="viewport" content="width=device-width, initial-scale=1">
<link rel="stylesheet" type="text/css" href="/css/Login.Head.styles.css?v=ENuGw4-imkFZ7q-8CfNy3d2tAN4">

</head>
<body>
<div class="ajax-loading-block-window" style="display: none">
</div>
<div id="dialog-notifications-success" title="Notification" style="display:none;">
</div>
<div id="dialog-notifications-error" title="Error" style="display:none;">
</div>
<div id="dialog-notifications-warning" title="Warning" style="display:none;">
</div>
<div id="bar-notification" class="bar-notification-container" data-close="Close">
</div>
<!--[if lte IE 8]>
    <div style="clear:both;height:59px;text-align:center;position:relative;">
        <a href="http://www.microsoft.com/windows/internet-explorer/default.aspx" target="_blank">
            <img src="/Themes/DefaultClean/Content/images/ie_warning.jpg" height="42" width="820" alt="You are using an outdated browser. For a faster, safer browsing experience, upgrade for free today." />
        </a>
    </div>
<![endif]--><div class="master-wrapper-page">
<div class="master-wrapper-content">
<div class="master-column-wrapper">
<div class="center-1">
<div class="page login-page">
<div class="page-title">
<h1>Admin area demo</h1>
</div>
<div class="page-body">
<div class="customer-blocks">
<div class="returning-wrapper fieldset">
<form method="post" autocomplete="off" action="/login" novalidate="novalidate">
<div class="message-error validation-summary-errors">Login was unsuccessful. Please correct the errors and try again.<ul><li>No customer account found</li>
</ul></div>
<div class="title">
<strong>Welcome, please sign in!</strong>
</div>
<div class="form-fields">
<div class="inputs">
<label for="Email">Email:</label>
<input class="email" value="admin@yourstore.com" autofocus="autofocus" type="email" data-val="true" data-val-email="Wrong email" data-val-required="Please enter your email" id="Email" name="Email">
<span class="field-validation-valid" data-valmsg-for="Email" data-valmsg-replace="true"></span>
</div>
<div class="inputs">
<label for="Password">Password:</label>
<input value="admin" class="password" type="password" id="Password" name="Password">
<span class="field-validation-valid" data-valmsg-for="Password" data-valmsg-replace="true"></span>
</div>
<div class="inputs reversed">
<input type="checkbox" checked="checked" data-val="true" data-val-required="The Remember me? field is required." id="RememberMe" name="RememberMe" value="true">
<label for="RememberMe">Remember me?</label>
</div>
</div>
<div class="buttons">
<button type="submit" class="button-1 login-button">Log in</button>
</div>
<input name="__RequestVerificationToken" type="hidden" value="CfDJ8Bq6ZBwazYtNnockgyFPnpmv4M1hZ6j8farzbkpoQ4-jOOhrjRWrWxycg4Jn0T3IpjH-bjI-MuMeAUo-a232t5i5Kx-QkEI600Yi2fwaTecbZ3titGusl6y7APPU7MJ84jmiivsw_oxvV_ggjGAzB1o"><input name="RememberMe" type="hidden" value="false"></form>
</div>
</div>
<div class="topic-block">
<div class="topic-block-title">
<h2>Defaults for admin area</h2>
</div>
<div class="topic-block-body">
<p>Admin email: admin@yourstore.com <br>Admin password: admin </p>
</div>
</div>
</div>
</div>
</div>
</div>
</div>
</div>
<script type="text/javascript" src="/js/Login.Footer.scripts.js?v=8vxsji3jwROlF7m2FUrdMCqN6yo"></script>

</body></html>
]]></system-out>
    <system-err><![CDATA[SLF4J: No SLF4J providers were found.
SLF4J: Defaulting to no-operation (NOP) logger implementation
SLF4J: See https://www.slf4j.org/codes.html#noProviders for further details.
ERROR StatusLogger Log4j2 could not find a logging implementation. Please add log4j-core to the classpath. Using SimpleLogger to log to the console...
Starting ChromeDriver 108.0.5359.71 (1e0e3868ee06e91ad636a874420e3ca3ae3756ac-refs/branch-heads/5359@{#1016}) on port 5702
Only local connections are allowed.
Please see https://chromedriver.chromium.org/security-considerations for suggestions on keeping ChromeDriver safe.
ChromeDriver was started successfully.
Dec 09, 2022 3:29:45 AM org.openqa.selenium.devtools.CdpVersionFinder findNearestMatch
WARNING: Unable to find an exact match for CDP version 108, so returning the closest version found: 107
]]></system-err>
  </testcase>
  <testcase name="verifyLoginFeatureWithInValid[Pratyusha@google.com, password@123](2)" classname="dataProvider.DataProvideNComExample" time="9.702">
    <system-out><![CDATA[ INFO [main] (DataProvideNComExample.java:14)- enter email details: Pratyusha@google.com
<html lang="en" dir="ltr" class="html-login-page"><head>
<title>Your store. Login</title>
<meta http-equiv="Content-type" content="text/html;charset=UTF-8">
<meta name="description" content="">
<meta name="keywords" content="">
<meta name="generator" content="nopCommerce">
<meta name="viewport" content="width=device-width, initial-scale=1">
<link rel="stylesheet" type="text/css" href="/css/Login.Head.styles.css?v=ENuGw4-imkFZ7q-8CfNy3d2tAN4">

</head>
<body>
<div class="ajax-loading-block-window" style="display: none">
</div>
<div id="dialog-notifications-success" title="Notification" style="display:none;">
</div>
<div id="dialog-notifications-error" title="Error" style="display:none;">
</div>
<div id="dialog-notifications-warning" title="Warning" style="display:none;">
</div>
<div id="bar-notification" class="bar-notification-container" data-close="Close">
</div>
<!--[if lte IE 8]>
    <div style="clear:both;height:59px;text-align:center;position:relative;">
        <a href="http://www.microsoft.com/windows/internet-explorer/default.aspx" target="_blank">
            <img src="/Themes/DefaultClean/Content/images/ie_warning.jpg" height="42" width="820" alt="You are using an outdated browser. For a faster, safer browsing experience, upgrade for free today." />
        </a>
    </div>
<![endif]--><div class="master-wrapper-page">
<div class="master-wrapper-content">
<div class="master-column-wrapper">
<div class="center-1">
<div class="page login-page">
<div class="page-title">
<h1>Admin area demo</h1>
</div>
<div class="page-body">
<div class="customer-blocks">
<div class="returning-wrapper fieldset">
<form method="post" autocomplete="off" action="/login" novalidate="novalidate">
<div class="message-error validation-summary-errors">Login was unsuccessful. Please correct the errors and try again.<ul><li>No customer account found</li>
</ul></div>
<div class="title">
<strong>Welcome, please sign in!</strong>
</div>
<div class="form-fields">
<div class="inputs">
<label for="Email">Email:</label>
<input class="email" value="admin@yourstore.com" autofocus="autofocus" type="email" data-val="true" data-val-email="Wrong email" data-val-required="Please enter your email" id="Email" name="Email">
<span class="field-validation-valid" data-valmsg-for="Email" data-valmsg-replace="true"></span>
</div>
<div class="inputs">
<label for="Password">Password:</label>
<input value="admin" class="password" type="password" id="Password" name="Password">
<span class="field-validation-valid" data-valmsg-for="Password" data-valmsg-replace="true"></span>
</div>
<div class="inputs reversed">
<input type="checkbox" data-val="true" data-val-required="The Remember me? field is required." id="RememberMe" name="RememberMe" value="true">
<label for="RememberMe">Remember me?</label>
</div>
</div>
<div class="buttons">
<button type="submit" class="button-1 login-button">Log in</button>
</div>
<input name="__RequestVerificationToken" type="hidden" value="CfDJ8Bq6ZBwazYtNnockgyFPnpnR-RY2m6-yH935cKbifNAzwRuknYZQvtUoAX94NXWSJuTrhamFg8trZ_Nj5RpcvatYxep7GOLvHoGu6p7XHCFYrGjKOewUE4_Meez8e-JjAUZMA7vl8kNQerggfimxSFA"><input name="RememberMe" type="hidden" value="false"></form>
</div>
</div>
<div class="topic-block">
<div class="topic-block-title">
<h2>Defaults for admin area</h2>
</div>
<div class="topic-block-body">
<p>Admin email: admin@yourstore.com <br>Admin password: admin </p>
</div>
</div>
</div>
</div>
</div>
</div>
</div>
</div>
<script type="text/javascript" src="/js/Login.Footer.scripts.js?v=8vxsji3jwROlF7m2FUrdMCqN6yo"></script>

</body></html>
]]></system-out>
  </testcase>
  <testcase name="verifyLoginFeatureWithInValid[Surya@yahoo.com, random@123](3)" classname="dataProvider.DataProvideNComExample" time="9.686">
    <system-out><![CDATA[ INFO [main] (DataProvideNComExample.java:14)- enter email details: Surya@yahoo.com
<html lang="en" dir="ltr" class="html-login-page"><head>
<title>Your store. Login</title>
<meta http-equiv="Content-type" content="text/html;charset=UTF-8">
<meta name="description" content="">
<meta name="keywords" content="">
<meta name="generator" content="nopCommerce">
<meta name="viewport" content="width=device-width, initial-scale=1">
<link rel="stylesheet" type="text/css" href="/css/Login.Head.styles.css?v=ENuGw4-imkFZ7q-8CfNy3d2tAN4">

</head>
<body>
<div class="ajax-loading-block-window" style="display: none">
</div>
<div id="dialog-notifications-success" title="Notification" style="display:none;">
</div>
<div id="dialog-notifications-error" title="Error" style="display:none;">
</div>
<div id="dialog-notifications-warning" title="Warning" style="display:none;">
</div>
<div id="bar-notification" class="bar-notification-container" data-close="Close">
</div>
<!--[if lte IE 8]>
    <div style="clear:both;height:59px;text-align:center;position:relative;">
        <a href="http://www.microsoft.com/windows/internet-explorer/default.aspx" target="_blank">
            <img src="/Themes/DefaultClean/Content/images/ie_warning.jpg" height="42" width="820" alt="You are using an outdated browser. For a faster, safer browsing experience, upgrade for free today." />
        </a>
    </div>
<![endif]--><div class="master-wrapper-page">
<div class="master-wrapper-content">
<div class="master-column-wrapper">
<div class="center-1">
<div class="page login-page">
<div class="page-title">
<h1>Admin area demo</h1>
</div>
<div class="page-body">
<div class="customer-blocks">
<div class="returning-wrapper fieldset">
<form method="post" autocomplete="off" action="/login" novalidate="novalidate">
<div class="message-error validation-summary-errors">Login was unsuccessful. Please correct the errors and try again.<ul><li>No customer account found</li>
</ul></div>
<div class="title">
<strong>Welcome, please sign in!</strong>
</div>
<div class="form-fields">
<div class="inputs">
<label for="Email">Email:</label>
<input class="email" value="admin@yourstore.com" autofocus="autofocus" type="email" data-val="true" data-val-email="Wrong email" data-val-required="Please enter your email" id="Email" name="Email">
<span class="field-validation-valid" data-valmsg-for="Email" data-valmsg-replace="true"></span>
</div>
<div class="inputs">
<label for="Password">Password:</label>
<input value="admin" class="password" type="password" id="Password" name="Password">
<span class="field-validation-valid" data-valmsg-for="Password" data-valmsg-replace="true"></span>
</div>
<div class="inputs reversed">
<input type="checkbox" checked="checked" data-val="true" data-val-required="The Remember me? field is required." id="RememberMe" name="RememberMe" value="true">
<label for="RememberMe">Remember me?</label>
</div>
</div>
<div class="buttons">
<button type="submit" class="button-1 login-button">Log in</button>
</div>
<input name="__RequestVerificationToken" type="hidden" value="CfDJ8Bq6ZBwazYtNnockgyFPnpmTZFH9VGILO1UwAlkOcLhPctikjZVEQ3t5q5lteNS-0iKxn8zD9-tC5ovVYkhI8oI13tgTCC8sXmP0zaIWayVUOOGHn-qGyQyy7QzrWFHjOcm1Sr30aTkPrOLxrQokPlY"><input name="RememberMe" type="hidden" value="false"></form>
</div>
</div>
<div class="topic-block">
<div class="topic-block-title">
<h2>Defaults for admin area</h2>
</div>
<div class="topic-block-body">
<p>Admin email: admin@yourstore.com <br>Admin password: admin </p>
</div>
</div>
</div>
</div>
</div>
</div>
</div>
</div>
<script type="text/javascript" src="/js/Login.Footer.scripts.js?v=8vxsji3jwROlF7m2FUrdMCqN6yo"></script>

</body></html>
]]></system-out>
  </testcase>
</testsuite>